<?xml version="1.0" encoding="UTF-8"?>
<!-- Generated by org.testng.reporters.JUnitXMLReporter -->
<testsuite ignored="2" hostname="DESKTOP-U41UGA8" failures="0" tests="6" name="Test" time="0.103" errors="0" timestamp="2022-07-18T07:54:44 IST">
  <testcase classname="testNGgrouping.GroupingTestClass2" name="p" time="0.01"/>
  <testcase classname="testNGgrouping.GroupingTestClass2" name="q" time="0.001"/>
  <testcase classname="testNGgrouping.GroupingTestClass2" name="s" time="0.002"/>
  <testcase classname="testNGgrouping.GroupingTestClass1" name="a" time="0.002"/>
  <testcase classname="testNGgrouping.GroupingTestClass1" name="b" time="0.003"/>
  <testcase classname="testNGgrouping.GroupingTestClass1" name="d" time="0.003"/>
  <testcase classname="testNGgrouping.GroupingTestClass2" name="r" time="0.0">
    <ignored/>
  </testcase> <!-- r -->
  <testcase classname="testNGgrouping.GroupingTestClass1" name="c" time="0.0">
    <ignored/>
  </testcase> <!-- c -->
</testsuite> <!-- Test -->
