<?xml version="1.0" encoding="UTF-8"?>
<testng-results ignored="0" total="1" passed="1" failed="0" skipped="0">
  <reporter-output>
  </reporter-output>
  <suite started-at="2022-07-19T17:32:39 IST" name="Default suite" finished-at="2022-07-19T17:32:39 IST" duration-ms="104">
    <groups>
    </groups>
    <test started-at="2022-07-19T17:32:39 IST" name="Default test" finished-at="2022-07-19T17:32:39 IST" duration-ms="104">
      <class name="verificationUsingTestNG.SampleSoftAssert">
        <test-method signature="f()[pri:0, instance:verificationUsingTestNG.SampleSoftAssert@3f6b0be5]" started-at="2022-07-19T17:32:39 IST" name="f" finished-at="2022-07-19T17:32:39 IST" duration-ms="29" status="PASS">
          <reporter-output>
          </reporter-output>
        </test-method> <!-- f -->
      </class> <!-- verificationUsingTestNG.SampleSoftAssert -->
    </test> <!-- Default test -->
  </suite> <!-- Default suite -->
</testng-results>
